<?xml version="1.0" encoding="UTF-8"?>
<testsuite xmlns:xsi="http://www.w3.org/2001/XMLSchema-instance" xsi:noNamespaceSchemaLocation="https://maven.apache.org/surefire/maven-surefire-plugin/xsd/surefire-test-report.xsd" name="com.example.AppTest" time="0.066" tests="1" errors="0" skipped="0" failures="0">
  <properties>
    <property name="java.specification.version" value="21"/>
    <property name="sun.cpu.isalist" value="amd64"/>
    <property name="sun.jnu.encoding" value="Cp1252"/>
    <property name="java.class.path" value="e:\VS Code\Java\MavenSampleProject\demomavencode\demomavencode\target\test-classes;e:\VS Code\Java\MavenSampleProject\demomavencode\demomavencode\target\classes;C:\Users\ab\.m2\repository\junit\junit\4.11\junit-4.11.jar;C:\Users\ab\.m2\repository\org\hamcrest\hamcrest-core\1.3\hamcrest-core-1.3.jar;C:\Users\ab\.m2\repository\org\jacoco\jacoco-maven-plugin\0.8.11\jacoco-maven-plugin-0.8.11.jar;C:\Users\ab\.m2\repository\org\codehaus\plexus\plexus-utils\3.0.24\plexus-utils-3.0.24.jar;C:\Users\ab\.m2\repository\org\apache\maven\shared\file-management\3.1.0\file-management-3.1.0.jar;C:\Users\ab\.m2\repository\org\slf4j\slf4j-api\1.7.36\slf4j-api-1.7.36.jar;C:\Users\ab\.m2\repository\commons-io\commons-io\2.11.0\commons-io-2.11.0.jar;C:\Users\ab\.m2\repository\org\apache\maven\reporting\maven-reporting-api\3.0\maven-reporting-api-3.0.jar;C:\Users\ab\.m2\repository\org\apache\maven\doxia\doxia-sink-api\1.0\doxia-sink-api-1.0.jar;C:\Users\ab\.m2\repository\org\jacoco\org.jacoco.agent\0.8.11\org.jacoco.agent-0.8.11-runtime.jar;C:\Users\ab\.m2\repository\org\jacoco\org.jacoco.core\0.8.11\org.jacoco.core-0.8.11.jar;C:\Users\ab\.m2\repository\org\ow2\asm\asm\9.6\asm-9.6.jar;C:\Users\ab\.m2\repository\org\ow2\asm\asm-commons\9.6\asm-commons-9.6.jar;C:\Users\ab\.m2\repository\org\ow2\asm\asm-tree\9.6\asm-tree-9.6.jar;C:\Users\ab\.m2\repository\org\jacoco\org.jacoco.report\0.8.11\org.jacoco.report-0.8.11.jar;"/>
    <property name="java.vm.vendor" value="Oracle Corporation"/>
    <property name="sun.arch.data.model" value="64"/>
    <property name="user.variant" value=""/>
    <property name="java.vendor.url" value="https://java.oracle.com/"/>
    <property name="user.timezone" value="Europe/London"/>
    <property name="os.name" value="Windows 11"/>
    <property name="java.vm.specification.version" value="21"/>
    <property name="sun.java.launcher" value="SUN_STANDARD"/>
    <property name="user.country" value="IN"/>
    <property name="sun.boot.library.path" value="C:\Program Files\Java\jdk-21\bin"/>
    <property name="sun.java.command" value="C:\Users\ab\AppData\Local\Temp\surefire2820731243127989560\surefirebooter6502519711181352256.jar C:\Users\ab\AppData\Local\Temp\surefire2820731243127989560 2023-10-18T13-46-41_283-jvmRun1 surefire13442795794561454813tmp surefire_018281603901811824746tmp"/>
    <property name="jdk.debug" value="release"/>
    <property name="surefire.test.class.path" value="e:\VS Code\Java\MavenSampleProject\demomavencode\demomavencode\target\test-classes;e:\VS Code\Java\MavenSampleProject\demomavencode\demomavencode\target\classes;C:\Users\ab\.m2\repository\junit\junit\4.11\junit-4.11.jar;C:\Users\ab\.m2\repository\org\hamcrest\hamcrest-core\1.3\hamcrest-core-1.3.jar;C:\Users\ab\.m2\repository\org\jacoco\jacoco-maven-plugin\0.8.11\jacoco-maven-plugin-0.8.11.jar;C:\Users\ab\.m2\repository\org\codehaus\plexus\plexus-utils\3.0.24\plexus-utils-3.0.24.jar;C:\Users\ab\.m2\repository\org\apache\maven\shared\file-management\3.1.0\file-management-3.1.0.jar;C:\Users\ab\.m2\repository\org\slf4j\slf4j-api\1.7.36\slf4j-api-1.7.36.jar;C:\Users\ab\.m2\repository\commons-io\commons-io\2.11.0\commons-io-2.11.0.jar;C:\Users\ab\.m2\repository\org\apache\maven\reporting\maven-reporting-api\3.0\maven-reporting-api-3.0.jar;C:\Users\ab\.m2\repository\org\apache\maven\doxia\doxia-sink-api\1.0\doxia-sink-api-1.0.jar;C:\Users\ab\.m2\repository\org\jacoco\org.jacoco.agent\0.8.11\org.jacoco.agent-0.8.11-runtime.jar;C:\Users\ab\.m2\repository\org\jacoco\org.jacoco.core\0.8.11\org.jacoco.core-0.8.11.jar;C:\Users\ab\.m2\repository\org\ow2\asm\asm\9.6\asm-9.6.jar;C:\Users\ab\.m2\repository\org\ow2\asm\asm-commons\9.6\asm-commons-9.6.jar;C:\Users\ab\.m2\repository\org\ow2\asm\asm-tree\9.6\asm-tree-9.6.jar;C:\Users\ab\.m2\repository\org\jacoco\org.jacoco.report\0.8.11\org.jacoco.report-0.8.11.jar;"/>
    <property name="sun.cpu.endian" value="little"/>
    <property name="user.home" value="C:\Users\ab"/>
    <property name="user.language" value="en"/>
    <property name="java.specification.vendor" value="Oracle Corporation"/>
    <property name="java.version.date" value="2023-09-19"/>
    <property name="java.home" value="C:\Program Files\Java\jdk-21"/>
    <property name="file.separator" value="\"/>
    <property name="basedir" value="e:\VS Code\Java\MavenSampleProject\demomavencode\demomavencode"/>
    <property name="java.vm.compressedOopsMode" value="Zero based"/>
    <property name="line.separator" value="&#10;"/>
    <property name="java.vm.specification.vendor" value="Oracle Corporation"/>
    <property name="java.specification.name" value="Java Platform API Specification"/>
    <property name="surefire.real.class.path" value="C:\Users\ab\AppData\Local\Temp\surefire2820731243127989560\surefirebooter6502519711181352256.jar"/>
    <property name="user.script" value=""/>
    <property name="sun.management.compiler" value="HotSpot 64-Bit Tiered Compilers"/>
    <property name="java.runtime.version" value="21+35-LTS-2513"/>
    <property name="user.name" value="ab"/>
    <property name="stdout.encoding" value="Cp1252"/>
    <property name="path.separator" value=";"/>
    <property name="os.version" value="10.0"/>
    <property name="java.runtime.name" value="Java(TM) SE Runtime Environment"/>
    <property name="file.encoding" value="UTF-8"/>
    <property name="java.vm.name" value="Java HotSpot(TM) 64-Bit Server VM"/>
    <property name="localRepository" value="C:\Users\ab\.m2\repository"/>
    <property name="java.vendor.url.bug" value="https://bugreport.java.com/bugreport/"/>
    <property name="java.io.tmpdir" value="C:\Users\ab\AppData\Local\Temp\"/>
    <property name="java.version" value="21"/>
    <property name="user.dir" value="e:\VS Code\Java\MavenSampleProject\demomavencode\demomavencode"/>
    <property name="os.arch" value="amd64"/>
    <property name="java.vm.specification.name" value="Java Virtual Machine Specification"/>
    <property name="sun.os.patch.level" value=""/>
    <property name="native.encoding" value="Cp1252"/>
    <property name="java.library.path" value="C:\Program Files\Java\jdk-21\bin;C:\WINDOWS\Sun\Java\bin;C:\WINDOWS\system32;C:\WINDOWS;C:\Program Files\Python38\Scripts\;C:\Program Files\Python38\;C:\Program Files\Common Files\Oracle\Java\javapath;C:\WINDOWS\system32;C:\WINDOWS;C:\WINDOWS\System32\Wbem;C:\WINDOWS\System32\WindowsPowerShell\v1.0\;C:\WINDOWS\System32\OpenSSH\;C:\Program Files\Git-new\cmd;C:\Program Files\PuTTY\;C:\Program Files\Amazon\AWSCLIV2\;C:\Users\ab\AppData\Local\Programs\Python\Python312\Scripts\;C:\Users\ab\AppData\Local\Programs\Python\Python312\;C:\Program Files\Java\jdk-21\bin;C:\maven\apache-maven-3.9.4\bin;;C:\Users\ab\AppData\Local\Programs\Microsoft VS Code\bin;C:\Program Files\JetBrains\PyCharm Edu 2022.2.2\bin;;."/>
    <property name="java.vm.info" value="mixed mode, sharing"/>
    <property name="stderr.encoding" value="Cp1252"/>
    <property name="java.vendor" value="Oracle Corporation"/>
    <property name="java.vm.version" value="21+35-LTS-2513"/>
    <property name="sun.io.unicode.encoding" value="UnicodeLittle"/>
    <property name="java.class.version" value="65.0"/>
  </properties>
  <testcase name="shouldAnswerWithTrue" classname="com.example.AppTest" time="0.002"/>
</testsuite>